<?xml version="1.0" encoding="UTF-8"?>
<testsuite xmlns:xsi="http://www.w3.org/2001/XMLSchema-instance" xsi:noNamespaceSchemaLocation="https://maven.apache.org/surefire/maven-surefire-plugin/xsd/surefire-test-report-3.0.xsd" version="3.0" name="org.example.LeftPadUtilsTest" time="0.186" tests="38" errors="0" skipped="0" failures="0">
  <properties>
[...]
</properties>
  <testcase name="testLeftPadRepeatingPattern" classname="org.example.LeftPadUtilsTest" time="0.055"/>
  <testcase name="testLeftPadSizeOneGreater" classname="org.example.LeftPadUtilsTest" time="0.007"/>
  <testcase name="testLeftPadStringEqualToSize" classname="org.example.LeftPadUtilsTest" time="0.001"/>
  <testcase name="testLeftPadSingleCharStringMultiCharPad" classname="org.example.LeftPadUtilsTest" time="0.001"/>
  <testcase name="testLeftPadWithWhitespace" classname="org.example.LeftPadUtilsTest" time="0.001"/>
  <testcase name="testLeftPadPartialPadStr" classname="org.example.LeftPadUtilsTest" time="0.001"/>
  <testcase name="testLeftPadRepeatingPatternOddRemainder" classname="org.example.LeftPadUtilsTest" time="0.001"/>
  <testcase name="testLeftPadPartialPadStrSingleChar" classname="org.example.LeftPadUtilsTest" time="0.001"/>
  <testcase name="testLeftPadZeroSize" classname="org.example.LeftPadUtilsTest" time="0.001"/>
  <testcase name="testLeftPadEmptyStringNullPadStr" classname="org.example.LeftPadUtilsTest" time="0.002"/>
  <testcase name="testLeftPadEmptyStringWithPadStr" classname="org.example.LeftPadUtilsTest" time="0.0"/>
  <testcase name="testLeftPadNullStringEmptyPadStr" classname="org.example.LeftPadUtilsTest" time="0.003"/>
  <testcase name="testLeftPadRepeatingPatternThreeChars" classname="org.example.LeftPadUtilsTest" time="0.001"/>
  <testcase name="testLeftPadComplexPattern" classname="org.example.LeftPadUtilsTest" time="0.002"/>
  <testcase name="testLeftPadComplexRepeating" classname="org.example.LeftPadUtilsTest" time="0.001"/>
  <testcase name="testLeftPadUtilsConstructor" classname="org.example.LeftPadUtilsTest" time="0.002"/>
  <testcase name="testLeftPadNullStringNullPadStr" classname="org.example.LeftPadUtilsTest" time="0.001"/>
  <testcase name="testLeftPadWithNumbers" classname="org.example.LeftPadUtilsTest" time="0.001"/>
  <testcase name="testLeftPadEmptyStringNoPadNeeded" classname="org.example.LeftPadUtilsTest" time="0.001"/>
  <testcase name="testLeftPadExactFitPadStr" classname="org.example.LeftPadUtilsTest" time="0.001"/>
  <testcase name="testLeftPadEmptyStringNegativePadNeeded" classname="org.example.LeftPadUtilsTest" time="0.001"/>
  <testcase name="testLeftPadRepeatingPatternMultipleCycles" classname="org.example.LeftPadUtilsTest" time="0.001"/>
  <testcase name="testLeftPadNullString" classname="org.example.LeftPadUtilsTest" time="0.001"/>
  <testcase name="testLeftPadRepeatingPatternFourChars" classname="org.example.LeftPadUtilsTest" time="0.001"/>
  <testcase name="testLeftPadNegativeSize" classname="org.example.LeftPadUtilsTest" time="0.0"/>
  <testcase name="testLeftPadExactFitMultiCharPadStr" classname="org.example.LeftPadUtilsTest" time="0.001"/>
  <testcase name="testLeftPadSingleCharPadExactFit" classname="org.example.LeftPadUtilsTest" time="0.001"/>
  <testcase name="testLeftPadSingleCharString" classname="org.example.LeftPadUtilsTest" time="0.001"/>
  <testcase name="testLeftPadLongStringShortPad" classname="org.example.LeftPadUtilsTest" time="0.002"/>
  <testcase name="testLeftPadWithMultipleWhitespaces" classname="org.example.LeftPadUtilsTest" time="0.001"/>
  <testcase name="testLeftPadSizeManyGreater" classname="org.example.LeftPadUtilsTest" time="0.002"/>
  <testcase name="testLeftPadWithSpecialCharacters" classname="org.example.LeftPadUtilsTest" time="0.002"/>
  <testcase name="testLeftPadStringLongerThanSize" classname="org.example.LeftPadUtilsTest" time="0.001"/>
  <testcase name="testLeftPadSingleCharPadDefaultSpace" classname="org.example.LeftPadUtilsTest" time="0.001"/>
  <testcase name="testLeftPadSingleCharPadEmptyString" classname="org.example.LeftPadUtilsTest" time="0.001"/>
  <testcase name="testLeftPadLongStringLongPad" classname="org.example.LeftPadUtilsTest" time="0.001"/>
  <testcase name="testLeftPadEmptyStringEmptyPadStr" classname="org.example.LeftPadUtilsTest" time="0.001"/>
  <testcase name="testLeftPadSingleCharPadOneChar" classname="org.example.LeftPadUtilsTest" time="0.001"/>
</testsuite>